\BOOKMARK [0][-]{chapter.1}{\376\377\000I\000n\000t\000r\000o\000d\000u\000c\000c\000i\000\363\000n}{}% 1
\BOOKMARK [1][-]{section.1.1}{Importancia\040de\040las\040redes\040sociales}{chapter.1}% 2
\BOOKMARK [1][-]{section.1.2}{Perfilado\040de\040autor}{chapter.1}% 3
\BOOKMARK [1][-]{section.1.3}{Objetivos\040del\040trabajo}{chapter.1}% 4
\BOOKMARK [1][-]{section.1.4}{Estructura\040de\040la\040memoria}{chapter.1}% 5
\BOOKMARK [0][-]{chapter.2}{Estado\040del\040arte\040del\040perfilado\040de\040autor}{}% 6
\BOOKMARK [1][-]{section.2.1}{\376\377\000C\000o\000n\000c\000e\000p\000t\000o\000s\000\040\000b\000\341\000s\000i\000c\000o\000s}{chapter.2}% 7
\BOOKMARK [2][-]{subsection.2.1.1}{Procesado\040del\040lenguaje\040natural}{section.2.1}% 8
\BOOKMARK [2][-]{subsection.2.1.2}{\376\377\000A\000p\000r\000e\000n\000d\000i\000z\000a\000j\000e\000\040\000a\000u\000t\000o\000m\000\341\000t\000i\000c\000o}{section.2.1}% 9
\BOOKMARK [1][-]{section.2.2}{Tareas\040analizadas}{chapter.2}% 10
\BOOKMARK [2][-]{subsection.2.2.1}{PAN\040Author\040Profiling\0402014}{section.2.2}% 11
\BOOKMARK [2][-]{subsection.2.2.2}{PAN\040Author\040Profiling\0402015}{section.2.2}% 12
\BOOKMARK [2][-]{subsection.2.2.3}{PAN\040Celebrity\040Profiling\0402019}{section.2.2}% 13
\BOOKMARK [2][-]{subsection.2.2.4}{Conclusiones}{section.2.2}% 14
\BOOKMARK [1][-]{section.2.3}{Algoritmos\040seleccionados}{chapter.2}% 15
\BOOKMARK [2][-]{subsection.2.3.1}{Algoritmo\040de\040Grivas\040et\040al.\040grivas2015author}{section.2.3}% 16
\BOOKMARK [2][-]{subsection.2.3.2}{Algoritmo\040de\040Martinc\040et\040al.\040martinc2019hot}{section.2.3}% 17
\BOOKMARK [2][-]{subsection.2.3.3}{Pruebas}{section.2.3}% 18
\BOOKMARK [0][-]{chapter.3}{\376\377\000H\000e\000r\000r\000a\000m\000i\000e\000n\000t\000a\000s\000,\000\040\000t\000\351\000c\000n\000i\000c\000a\000s\000\040\000y\000\040\000l\000e\000n\000g\000u\000a\000j\000e\000s}{}% 19
\BOOKMARK [1][-]{section.3.1}{Backend}{chapter.3}% 20
\BOOKMARK [1][-]{section.3.2}{Frontend}{chapter.3}% 21
\BOOKMARK [1][-]{section.3.3}{Algoritmos\040de\040perfilado}{chapter.3}% 22
\BOOKMARK [1][-]{section.3.4}{Soporte}{chapter.3}% 23
\BOOKMARK [0][-]{chapter.4}{\376\377\000M\000e\000t\000o\000d\000o\000l\000o\000g\000\355\000a}{}% 24
\BOOKMARK [1][-]{section.4.1}{Roles}{chapter.4}% 25
\BOOKMARK [1][-]{section.4.2}{\376\377\000A\000d\000a\000p\000t\000a\000c\000i\000o\000n\000e\000s\000\040\000m\000e\000t\000o\000d\000o\000l\000\363\000g\000i\000c\000a\000s}{chapter.4}% 26
\BOOKMARK [0][-]{chapter.5}{\376\377\000A\000n\000\341\000l\000i\000s\000i\000s}{}% 27
\BOOKMARK [1][-]{section.5.1}{Requisitos\040funcionales}{chapter.5}% 28
\BOOKMARK [1][-]{section.5.2}{Requisitos\040no\040funcionales}{chapter.5}% 29
\BOOKMARK [0][-]{chapter.6}{\376\377\000D\000i\000s\000e\000\361\000o}{}% 30
\BOOKMARK [1][-]{section.6.1}{Arquitectura}{chapter.6}% 31
\BOOKMARK [1][-]{section.6.2}{Prototipado}{chapter.6}% 32
\BOOKMARK [1][-]{section.6.3}{Backend}{chapter.6}% 33
\BOOKMARK [2][-]{subsection.6.3.1}{Endpoints}{section.6.3}% 34
\BOOKMARK [2][-]{subsection.6.3.2}{Clases}{section.6.3}% 35
\BOOKMARK [1][-]{section.6.4}{Frontend}{chapter.6}% 36
\BOOKMARK [0][-]{chapter.7}{\376\377\000I\000m\000p\000l\000e\000m\000e\000n\000t\000a\000c\000i\000\363\000n}{}% 37
\BOOKMARK [1][-]{section.7.1}{\376\377\000A\000d\000a\000p\000t\000a\000c\000i\000\363\000n\000\040\000d\000e\000\040\000l\000o\000s\000\040\000a\000l\000g\000o\000r\000i\000t\000m\000o\000s}{chapter.7}% 38
\BOOKMARK [1][-]{section.7.2}{Estructura\040del\040proyecto}{chapter.7}% 39
\BOOKMARK [1][-]{section.7.3}{\376\377\000P\000u\000b\000l\000i\000c\000a\000c\000i\000\363\000n\000\040\000d\000e\000l\000\040\000c\000\363\000d\000i\000g\000o\000\040\000f\000u\000e\000n\000t\000e}{chapter.7}% 40
\BOOKMARK [0][-]{chapter.8}{Caso\040de\040uso:\040#BLM}{}% 41
\BOOKMARK [1][-]{section.8.1}{Puesta\040en\040marcha\040del\040sistema}{chapter.8}% 42
\BOOKMARK [1][-]{section.8.2}{Dataset\040del\040movimiento\040#BLM}{chapter.8}% 43
\BOOKMARK [1][-]{section.8.3}{Subida\040del\040dataset}{chapter.8}% 44
\BOOKMARK [1][-]{section.8.4}{\376\377\000S\000e\000l\000e\000c\000c\000i\000\363\000n\000\040\000d\000e\000l\000\040\000a\000l\000g\000o\000r\000i\000t\000m\000o}{chapter.8}% 45
\BOOKMARK [1][-]{section.8.5}{Proceso\040de\040perfilado}{chapter.8}% 46
\BOOKMARK [1][-]{section.8.6}{\376\377\000V\000i\000s\000u\000a\000l\000i\000z\000a\000c\000i\000\363\000n\000\040\000d\000e\000\040\000r\000e\000s\000u\000l\000t\000a\000d\000o\000s}{chapter.8}% 47
\BOOKMARK [1][-]{section.8.7}{\376\377\000A\000n\000\341\000l\000i\000s\000i\000s\000\040\000d\000e\000\040\000r\000e\000s\000u\000l\000t\000a\000d\000o\000s}{chapter.8}% 48
\BOOKMARK [2][-]{subsection.8.7.1}{\376\377\000D\000i\000s\000t\000r\000i\000b\000u\000c\000i\000\363\000n\000\040\000d\000e\000\040\000g\000\351\000n\000e\000r\000o}{section.8.7}% 49
\BOOKMARK [2][-]{subsection.8.7.2}{\376\377\000D\000i\000s\000t\000r\000i\000b\000u\000c\000i\000\363\000n\000\040\000d\000e\000\040\000e\000d\000a\000d}{section.8.7}% 50
\BOOKMARK [2][-]{subsection.8.7.3}{\376\377\000O\000t\000r\000a\000s\000\040\000c\000a\000r\000a\000c\000t\000e\000r\000\355\000s\000t\000i\000c\000a\000s}{section.8.7}% 51
\BOOKMARK [0][-]{chapter.9}{\376\377\000P\000l\000a\000n\000i\000f\000i\000c\000a\000c\000i\000\363\000n\000\040\000y\000\040\000c\000o\000s\000t\000e\000s}{}% 52
\BOOKMARK [1][-]{section.9.1}{\376\377\000P\000l\000a\000n\000i\000f\000i\000c\000a\000c\000i\000\363\000n\000\040\000t\000e\000m\000p\000o\000r\000a\000l}{chapter.9}% 53
\BOOKMARK [1][-]{section.9.2}{Recursos\040y\040costes}{chapter.9}% 54
\BOOKMARK [0][-]{chapter.10}{Conclusiones}{}% 55
\BOOKMARK [1][-]{section.10.1}{Trabajo\040futuro}{chapter.10}% 56
\BOOKMARK [1][-]{section.10.2}{Lecciones\040aprendidas}{chapter.10}% 57
\BOOKMARK [0][-]{chapter*.71}{\376\377\000B\000i\000b\000l\000i\000o\000g\000r\000a\000f\000\355\000a}{}% 58
